{"C:\\Users\\mikul\\vscodeprojects\\my-expenses\\App.tsx": {"path":"C:\\Users\\mikul\\vscodeprojects\\my-expenses\\App.tsx","statementMap":{"0":{"start":{"line":5,"column":2},"end":{"line":10,"column":4}},"1":{"start":{"line":13,"column":15},"end":{"line":20,"column":2}}},"fnMap":{"0":{"name":"App","decl":{"start":{"line":4,"column":24},"end":{"line":4,"column":27}},"loc":{"start":{"line":4,"column":30},"end":{"line":11,"column":1}},"line":4}},"branchMap":{},"s":{"0":0,"1":0},"f":{"0":0},"b":{}}
,"C:\\Users\\mikul\\vscodeprojects\\my-expenses\\index.ts": {"path":"C:\\Users\\mikul\\vscodeprojects\\my-expenses\\index.ts","statementMap":{"0":{"start":{"line":8,"column":0},"end":{"line":8,"column":27}}},"fnMap":{},"branchMap":{},"s":{"0":0},"f":{},"b":{}}
,"C:\\Users\\mikul\\vscodeprojects\\my-expenses\\app\\+not-found.tsx": {"path":"C:\\Users\\mikul\\vscodeprojects\\my-expenses\\app\\+not-found.tsx","statementMap":{},"fnMap":{},"branchMap":{},"s":{},"f":{},"b":{}}
,"C:\\Users\\mikul\\vscodeprojects\\my-expenses\\app\\_layout.tsx": {"path":"C:\\Users\\mikul\\vscodeprojects\\my-expenses\\app\\_layout.tsx","statementMap":{"0":{"start":{"line":5,"column":2},"end":{"line":10,"column":4}}},"fnMap":{"0":{"name":"RootLayout","decl":{"start":{"line":4,"column":24},"end":{"line":4,"column":34}},"loc":{"start":{"line":4,"column":37},"end":{"line":11,"column":1}},"line":4}},"branchMap":{},"s":{"0":0},"f":{"0":0},"b":{}}
,"C:\\Users\\mikul\\vscodeprojects\\my-expenses\\app\\index.tsx": {"path":"C:\\Users\\mikul\\vscodeprojects\\my-expenses\\app\\index.tsx","statementMap":{"0":{"start":{"line":5,"column":26},"end":{"line":5,"column":86}},"1":{"start":{"line":5,"column":63},"end":{"line":5,"column":86}},"2":{"start":{"line":10,"column":2},"end":{"line":14,"column":4}},"3":{"start":{"line":18,"column":15},"end":{"line":25,"column":2}}},"fnMap":{"0":{"name":"(anonymous_0)","decl":{"start":{"line":5,"column":26},"end":{"line":5,"column":27}},"loc":{"start":{"line":5,"column":63},"end":{"line":5,"column":86}},"line":5},"1":{"name":"HomeScreen","decl":{"start":{"line":9,"column":24},"end":{"line":9,"column":34}},"loc":{"start":{"line":9,"column":37},"end":{"line":15,"column":1}},"line":9}},"branchMap":{},"s":{"0":1,"1":2,"2":1,"3":1},"f":{"0":2,"1":1},"b":{},"_coverageSchema":"1a1c01bbd47fc00a2c39e90264f33305004495a9","hash":"3df523e7c30317a227a97bc0fe06113e532f9a5d"}
,"C:\\Users\\mikul\\vscodeprojects\\my-expenses\\app\\(tabs)\\_layout.tsx": {"path":"C:\\Users\\mikul\\vscodeprojects\\my-expenses\\app\\(tabs)\\_layout.tsx","statementMap":{"0":{"start":{"line":9,"column":19},"end":{"line":37,"column":1}},"1":{"start":{"line":10,"column":2},"end":{"line":36,"column":4}},"2":{"start":{"line":18,"column":12},"end":{"line":20,"column":14}},"3":{"start":{"line":30,"column":29},"end":{"line":30,"column":74}},"4":{"start":{"line":31,"column":12},"end":{"line":31,"column":77}}},"fnMap":{"0":{"name":"(anonymous_0)","decl":{"start":{"line":9,"column":19},"end":{"line":9,"column":20}},"loc":{"start":{"line":9,"column":25},"end":{"line":37,"column":1}},"line":9},"1":{"name":"(anonymous_1)","decl":{"start":{"line":17,"column":22},"end":{"line":17,"column":23}},"loc":{"start":{"line":17,"column":52},"end":{"line":21,"column":11}},"line":17},"2":{"name":"(anonymous_2)","decl":{"start":{"line":29,"column":22},"end":{"line":29,"column":23}},"loc":{"start":{"line":29,"column":52},"end":{"line":32,"column":11}},"line":29}},"branchMap":{"0":{"loc":{"start":{"line":30,"column":29},"end":{"line":30,"column":74}},"type":"cond-expr","locations":[{"start":{"line":30,"column":39},"end":{"line":30,"column":51}},{"start":{"line":30,"column":54},"end":{"line":30,"column":74}}],"line":30}},"s":{"0":0,"1":0,"2":0,"3":0,"4":0},"f":{"0":0,"1":0,"2":0},"b":{"0":[0,0]}}
,"C:\\Users\\mikul\\vscodeprojects\\my-expenses\\app\\(tabs)\\addExpense.tsx": {"path":"C:\\Users\\mikul\\vscodeprojects\\my-expenses\\app\\(tabs)\\addExpense.tsx","statementMap":{"0":{"start":{"line":8,"column":25},"end":{"line":58,"column":1}},"1":{"start":{"line":9,"column":25},"end":{"line":9,"column":42}},"2":{"start":{"line":10,"column":40},"end":{"line":10,"column":52}},"3":{"start":{"line":11,"column":28},"end":{"line":11,"column":40}},"4":{"start":{"line":12,"column":34},"end":{"line":12,"column":67}},"5":{"start":{"line":13,"column":26},"end":{"line":13,"column":64}},"6":{"start":{"line":15,"column":23},"end":{"line":28,"column":3}},"7":{"start":{"line":16,"column":4},"end":{"line":16,"column":61}},"8":{"start":{"line":16,"column":54},"end":{"line":16,"column":61}},"9":{"start":{"line":17,"column":46},"end":{"line":23,"column":5}},"10":{"start":{"line":24,"column":4},"end":{"line":24,"column":27}},"11":{"start":{"line":25,"column":4},"end":{"line":25,"column":23}},"12":{"start":{"line":26,"column":4},"end":{"line":26,"column":17}},"13":{"start":{"line":27,"column":4},"end":{"line":27,"column":31}},"14":{"start":{"line":30,"column":2},"end":{"line":57,"column":4}},"15":{"start":{"line":48,"column":38},"end":{"line":48,"column":60}},"16":{"start":{"line":51,"column":10},"end":{"line":51,"column":59}},"17":{"start":{"line":60,"column":15},"end":{"line":76,"column":2}}},"fnMap":{"0":{"name":"(anonymous_0)","decl":{"start":{"line":8,"column":25},"end":{"line":8,"column":26}},"loc":{"start":{"line":8,"column":31},"end":{"line":58,"column":1}},"line":8},"1":{"name":"(anonymous_1)","decl":{"start":{"line":15,"column":23},"end":{"line":15,"column":24}},"loc":{"start":{"line":15,"column":29},"end":{"line":28,"column":3}},"line":15},"2":{"name":"(anonymous_2)","decl":{"start":{"line":48,"column":23},"end":{"line":48,"column":24}},"loc":{"start":{"line":48,"column":38},"end":{"line":48,"column":60}},"line":48},"3":{"name":"(anonymous_3)","decl":{"start":{"line":50,"column":37},"end":{"line":50,"column":38}},"loc":{"start":{"line":51,"column":10},"end":{"line":51,"column":59}},"line":51}},"branchMap":{"0":{"loc":{"start":{"line":16,"column":4},"end":{"line":16,"column":61}},"type":"if","locations":[{"start":{"line":16,"column":4},"end":{"line":16,"column":61}},{"start":{},"end":{}}],"line":16},"1":{"loc":{"start":{"line":16,"column":8},"end":{"line":16,"column":52}},"type":"binary-expr","locations":[{"start":{"line":16,"column":8},"end":{"line":16,"column":20}},{"start":{"line":16,"column":24},"end":{"line":16,"column":30}},{"start":{"line":16,"column":34},"end":{"line":16,"column":43}},{"start":{"line":16,"column":47},"end":{"line":16,"column":52}}],"line":16}},"s":{"0":0,"1":0,"2":0,"3":0,"4":0,"5":0,"6":0,"7":0,"8":0,"9":0,"10":0,"11":0,"12":0,"13":0,"14":0,"15":0,"16":0,"17":0},"f":{"0":0,"1":0,"2":0,"3":0},"b":{"0":[0,0],"1":[0,0,0,0]}}
,"C:\\Users\\mikul\\vscodeprojects\\my-expenses\\app\\(tabs)\\(home)\\_layout.tsx": {"path":"C:\\Users\\mikul\\vscodeprojects\\my-expenses\\app\\(tabs)\\(home)\\_layout.tsx","statementMap":{"0":{"start":{"line":5,"column":2},"end":{"line":13,"column":4}}},"fnMap":{"0":{"name":"RootLayout","decl":{"start":{"line":4,"column":24},"end":{"line":4,"column":34}},"loc":{"start":{"line":4,"column":37},"end":{"line":14,"column":1}},"line":4}},"branchMap":{},"s":{"0":0},"f":{"0":0},"b":{}}
,"C:\\Users\\mikul\\vscodeprojects\\my-expenses\\app\\(tabs)\\(home)\\index.tsx": {"path":"C:\\Users\\mikul\\vscodeprojects\\my-expenses\\app\\(tabs)\\(home)\\index.tsx","statementMap":{"0":{"start":{"line":6,"column":13},"end":{"line":13,"column":1}},"1":{"start":{"line":7,"column":2},"end":{"line":12,"column":4}},"2":{"start":{"line":17,"column":15},"end":{"line":17,"column":36}}},"fnMap":{"0":{"name":"(anonymous_0)","decl":{"start":{"line":6,"column":13},"end":{"line":6,"column":14}},"loc":{"start":{"line":6,"column":19},"end":{"line":13,"column":1}},"line":6}},"branchMap":{},"s":{"0":0,"1":0,"2":0},"f":{"0":0},"b":{}}
,"C:\\Users\\mikul\\vscodeprojects\\my-expenses\\app\\(tabs)\\(home)\\expenses\\[slug].tsx": {"path":"C:\\Users\\mikul\\vscodeprojects\\my-expenses\\app\\(tabs)\\(home)\\expenses\\[slug].tsx","statementMap":{"0":{"start":{"line":8,"column":19},"end":{"line":8,"column":41}},"1":{"start":{"line":9,"column":16},"end":{"line":9,"column":64}},"2":{"start":{"line":9,"column":43},"end":{"line":9,"column":63}},"3":{"start":{"line":10,"column":27},"end":{"line":10,"column":69}},"4":{"start":{"line":10,"column":50},"end":{"line":10,"column":68}},"5":{"start":{"line":12,"column":2},"end":{"line":24,"column":4}},"6":{"start":{"line":27,"column":15},"end":{"line":27,"column":36}}},"fnMap":{"0":{"name":"DetailScreen","decl":{"start":{"line":7,"column":24},"end":{"line":7,"column":36}},"loc":{"start":{"line":7,"column":39},"end":{"line":25,"column":1}},"line":7},"1":{"name":"(anonymous_1)","decl":{"start":{"line":9,"column":32},"end":{"line":9,"column":33}},"loc":{"start":{"line":9,"column":43},"end":{"line":9,"column":63}},"line":9},"2":{"name":"(anonymous_2)","decl":{"start":{"line":10,"column":40},"end":{"line":10,"column":41}},"loc":{"start":{"line":10,"column":50},"end":{"line":10,"column":68}},"line":10}},"branchMap":{},"s":{"0":0,"1":0,"2":0,"3":0,"4":0,"5":0,"6":0},"f":{"0":0,"1":0,"2":0},"b":{}}
,"C:\\Users\\mikul\\vscodeprojects\\my-expenses\\assets\\data\\SampleExpenses.tsx": {"path":"C:\\Users\\mikul\\vscodeprojects\\my-expenses\\assets\\data\\SampleExpenses.tsx","statementMap":{"0":{"start":{"line":3,"column":33},"end":{"line":46,"column":1}}},"fnMap":{},"branchMap":{},"s":{"0":0},"f":{},"b":{}}
,"C:\\Users\\mikul\\vscodeprojects\\my-expenses\\components\\ExpenseDetail.tsx": {"path":"C:\\Users\\mikul\\vscodeprojects\\my-expenses\\components\\ExpenseDetail.tsx","statementMap":{"0":{"start":{"line":16,"column":2},"end":{"line":25,"column":4}},"1":{"start":{"line":28,"column":15},"end":{"line":43,"column":2}}},"fnMap":{"0":{"name":"ExpenseDetailScreen","decl":{"start":{"line":8,"column":24},"end":{"line":8,"column":43}},"loc":{"start":{"line":15,"column":12},"end":{"line":26,"column":1}},"line":15}},"branchMap":{},"s":{"0":0,"1":0},"f":{"0":0},"b":{}}
,"C:\\Users\\mikul\\vscodeprojects\\my-expenses\\components\\ExpenseList.tsx": {"path":"C:\\Users\\mikul\\vscodeprojects\\my-expenses\\components\\ExpenseList.tsx","statementMap":{"0":{"start":{"line":19,"column":16},"end":{"line":19,"column":64}},"1":{"start":{"line":19,"column":43},"end":{"line":19,"column":63}},"2":{"start":{"line":20,"column":24},"end":{"line":20,"column":71}},"3":{"start":{"line":20,"column":51},"end":{"line":20,"column":70}},"4":{"start":{"line":21,"column":17},"end":{"line":21,"column":28}},"5":{"start":{"line":23,"column":21},"end":{"line":37,"column":3}},"6":{"start":{"line":24,"column":4},"end":{"line":36,"column":6}},"7":{"start":{"line":31,"column":50},"end":{"line":31,"column":72}},"8":{"start":{"line":32,"column":51},"end":{"line":32,"column":73}},"9":{"start":{"line":39,"column":16},"end":{"line":39,"column":64}},"10":{"start":{"line":39,"column":44},"end":{"line":39,"column":60}},"11":{"start":{"line":41,"column":2},"end":{"line":53,"column":3}},"12":{"start":{"line":42,"column":4},"end":{"line":52,"column":6}},"13":{"start":{"line":55,"column":2},"end":{"line":66,"column":4}},"14":{"start":{"line":58,"column":30},"end":{"line":58,"column":37}},"15":{"start":{"line":69,"column":15},"end":{"line":109,"column":2}}},"fnMap":{"0":{"name":"ExpenseList","decl":{"start":{"line":18,"column":24},"end":{"line":18,"column":35}},"loc":{"start":{"line":18,"column":38},"end":{"line":67,"column":1}},"line":18},"1":{"name":"(anonymous_1)","decl":{"start":{"line":19,"column":32},"end":{"line":19,"column":33}},"loc":{"start":{"line":19,"column":43},"end":{"line":19,"column":63}},"line":19},"2":{"name":"(anonymous_2)","decl":{"start":{"line":20,"column":40},"end":{"line":20,"column":41}},"loc":{"start":{"line":20,"column":51},"end":{"line":20,"column":70}},"line":20},"3":{"name":"(anonymous_3)","decl":{"start":{"line":23,"column":21},"end":{"line":23,"column":22}},"loc":{"start":{"line":23,"column":54},"end":{"line":37,"column":3}},"line":23},"4":{"name":"(anonymous_4)","decl":{"start":{"line":31,"column":44},"end":{"line":31,"column":45}},"loc":{"start":{"line":31,"column":50},"end":{"line":31,"column":72}},"line":31},"5":{"name":"(anonymous_5)","decl":{"start":{"line":32,"column":45},"end":{"line":32,"column":46}},"loc":{"start":{"line":32,"column":51},"end":{"line":32,"column":73}},"line":32},"6":{"name":"(anonymous_6)","decl":{"start":{"line":39,"column":29},"end":{"line":39,"column":30}},"loc":{"start":{"line":39,"column":44},"end":{"line":39,"column":60}},"line":39},"7":{"name":"(anonymous_7)","decl":{"start":{"line":58,"column":20},"end":{"line":58,"column":21}},"loc":{"start":{"line":58,"column":30},"end":{"line":58,"column":37}},"line":58}},"branchMap":{"0":{"loc":{"start":{"line":41,"column":2},"end":{"line":53,"column":3}},"type":"if","locations":[{"start":{"line":41,"column":2},"end":{"line":53,"column":3}},{"start":{},"end":{}}],"line":41}},"s":{"0":0,"1":0,"2":0,"3":0,"4":0,"5":0,"6":0,"7":0,"8":0,"9":0,"10":0,"11":0,"12":0,"13":0,"14":0,"15":0},"f":{"0":0,"1":0,"2":0,"3":0,"4":0,"5":0,"6":0,"7":0},"b":{"0":[0,0]}}
,"C:\\Users\\mikul\\vscodeprojects\\my-expenses\\models\\Expenses.tsx": {"path":"C:\\Users\\mikul\\vscodeprojects\\my-expenses\\models\\Expenses.tsx","statementMap":{},"fnMap":{},"branchMap":{},"s":{},"f":{},"b":{}}
,"C:\\Users\\mikul\\vscodeprojects\\my-expenses\\state\\ExpensesGlobalState.tsx": {"path":"C:\\Users\\mikul\\vscodeprojects\\my-expenses\\state\\ExpensesGlobalState.tsx","statementMap":{"0":{"start":{"line":18,"column":24},"end":{"line":32,"column":3}},"1":{"start":{"line":18,"column":55},"end":{"line":32,"column":1}},"2":{"start":{"line":21,"column":4},"end":{"line":25,"column":6}},"3":{"start":{"line":22,"column":19},"end":{"line":22,"column":64}},"4":{"start":{"line":23,"column":34},"end":{"line":23,"column":54}},"5":{"start":{"line":24,"column":6},"end":{"line":24,"column":76}},"6":{"start":{"line":27,"column":4},"end":{"line":31,"column":7}},"7":{"start":{"line":27,"column":20},"end":{"line":31,"column":5}},"8":{"start":{"line":29,"column":56},"end":{"line":29,"column":73}}},"fnMap":{"0":{"name":"(anonymous_0)","decl":{"start":{"line":18,"column":45},"end":{"line":18,"column":46}},"loc":{"start":{"line":18,"column":55},"end":{"line":32,"column":1}},"line":18},"1":{"name":"(anonymous_1)","decl":{"start":{"line":20,"column":14},"end":{"line":20,"column":15}},"loc":{"start":{"line":21,"column":4},"end":{"line":25,"column":6}},"line":21},"2":{"name":"(anonymous_2)","decl":{"start":{"line":21,"column":8},"end":{"line":21,"column":9}},"loc":{"start":{"line":21,"column":19},"end":{"line":25,"column":5}},"line":21},"3":{"name":"(anonymous_3)","decl":{"start":{"line":26,"column":17},"end":{"line":26,"column":18}},"loc":{"start":{"line":27,"column":4},"end":{"line":31,"column":7}},"line":27},"4":{"name":"(anonymous_4)","decl":{"start":{"line":27,"column":8},"end":{"line":27,"column":9}},"loc":{"start":{"line":27,"column":20},"end":{"line":31,"column":5}},"line":27},"5":{"name":"(anonymous_5)","decl":{"start":{"line":29,"column":43},"end":{"line":29,"column":44}},"loc":{"start":{"line":29,"column":56},"end":{"line":29,"column":73}},"line":29}},"branchMap":{},"s":{"0":0,"1":0,"2":0,"3":0,"4":0,"5":0,"6":0,"7":0,"8":0},"f":{"0":0,"1":0,"2":0,"3":0,"4":0,"5":0},"b":{}}
}
